<?xml version="1.0" encoding="UTF-8"?>
<!-- Generated by org.testng.reporters.JUnitReportReporter -->
<testsuite hostname="DESKTOP-LSAS4P2" failures="0" tests="2" name="com.prefeasy.clovia.SelectingParticularCatAndItemWithDiffAddress" time="207.924" errors="0" timestamp="2021-04-20T15:53:58 IST" skipped="0">
  <testcase classname="com.prefeasy.clovia.SelectingParticularCatAndItemWithDiffAddress" name="selectCategory" time="96.701"/>
  <testcase classname="com.prefeasy.clovia.SelectingParticularCatAndItemWithDiffAddress" name="selectCategory" time="111.223"/>
</testsuite> <!-- com.prefeasy.clovia.SelectingParticularCatAndItemWithDiffAddress -->
