<?xml version="1.0" encoding="UTF-8"?>
<!-- Generated by org.testng.reporters.JUnitReportReporter -->
<testsuite hostname="DESKTOP-LSAS4P2" failures="0" tests="1" name="projectScripts.CustomizedStatement" time="69.693" errors="0" timestamp="2020-01-11T14:52:22 IST" skipped="0">
  <testcase classname="projectScripts.CustomizedStatement" name="customiseStatement" time="69.693"/>
</testsuite> <!-- projectScripts.CustomizedStatement -->
