<?xml version="1.0" encoding="UTF-8"?>
<!-- Generated by org.testng.reporters.JUnitReportReporter -->
<testsuite hostname="DESKTOP-LSAS4P2" failures="0" tests="1" name="assertion.DemoAssert" time="0.038" errors="0" timestamp="2020-08-16T19:16:40 IST" skipped="0">
  <testcase classname="assertion.DemoAssert" name="f" time="0.038"/>
</testsuite> <!-- assertion.DemoAssert -->
