<?xml version="1.0" encoding="UTF-8"?>
<!-- Generated by org.testng.reporters.JUnitReportReporter -->
<testsuite hostname="DESKTOP-LSAS4P2" failures="0" tests="1" name="ecommerceScripts.VerifyItemListPage" time="17.208" errors="0" timestamp="2020-01-23T17:23:23 IST" skipped="0">
  <testcase classname="ecommerceScripts.VerifyItemListPage" name="verifyItem" time="17.208"/>
</testsuite> <!-- ecommerceScripts.VerifyItemListPage -->
