<?xml version="1.0" encoding="UTF-8"?>
<!-- Generated by org.testng.reporters.JUnitReportReporter -->
<testsuite hostname="DESKTOP-LSAS4P2" failures="0" tests="5" name="projectScripts.ChangePassword" time="53.778" errors="0" timestamp="2020-01-05T19:10:32 IST" skipped="2">
  <testcase classname="projectScripts.ChangePassword" name="cPass" time="19.851"/>
  <testcase classname="projectScripts.ChangePassword" name="cPass" time="20.462"/>
  <testcase classname="projectScripts.ChangePassword" name="newPass" time="13.465"/>
  <testcase classname="projectScripts.ChangePassword" name="screenShort">
    <skipped/>
  </testcase> <!-- screenShort -->
  <testcase classname="projectScripts.ChangePassword" name="loginCred">
    <skipped/>
  </testcase> <!-- loginCred -->
</testsuite> <!-- projectScripts.ChangePassword -->
