<?xml version="1.0" encoding="UTF-8"?>
<!-- Generated by org.testng.reporters.JUnitReportReporter -->
<testsuite hostname="DESKTOP-LSAS4P2" failures="0" tests="1" name="practice.WindowHandles" time="12.612" errors="0" timestamp="2021-01-18T11:54:17 IST" skipped="0">
  <testcase classname="practice.WindowHandles" name="f" time="12.612"/>
</testsuite> <!-- practice.WindowHandles -->
