<?xml version="1.0" encoding="UTF-8"?>
<!-- Generated by org.testng.reporters.JUnitReportReporter -->
<testsuite hostname="DESKTOP-LSAS4P2" failures="0" tests="1" name="practice.Alert" time="1.020" errors="0" timestamp="2021-01-18T12:12:49 IST" skipped="0">
  <testcase classname="practice.Alert" name="f" time="1.020"/>
</testsuite> <!-- practice.Alert -->
