<?xml version="1.0" encoding="UTF-8"?>
<!-- Generated by org.testng.reporters.JUnitReportReporter -->
<testsuite hostname="DESKTOP-LSAS4P2" failures="0" tests="1" name="Configuration.SeleniumPFile" time="12.655" errors="0" timestamp="2021-04-06T10:25:55 IST" skipped="0">
  <testcase classname="Configuration.SeleniumPFile" name="testConfig" time="12.655"/>
</testsuite> <!-- Configuration.SeleniumPFile -->
