<?xml version="1.0" encoding="UTF-8"?>
<!-- Generated by org.testng.reporters.JUnitReportReporter -->
<testsuite hostname="DESKTOP-LSAS4P2" failures="0" tests="1" name="projectScripts.NewAccount" time="18.150" errors="0" timestamp="2020-01-07T12:24:37 IST" skipped="0">
  <testcase classname="projectScripts.NewAccount" name="newAccount" time="18.150"/>
</testsuite> <!-- projectScripts.NewAccount -->
