<?xml version="1.0" encoding="UTF-8"?>
<!-- Generated by org.testng.reporters.JUnitReportReporter -->
<testsuite hostname="DESKTOP-LSAS4P2" failures="0" tests="1" name="projectScripts.NewAccountSavings" time="17.256" errors="0" timestamp="2020-01-09T19:16:32 IST" skipped="0">
  <testcase classname="projectScripts.NewAccountSavings" name="newAccount" time="17.256"/>
</testsuite> <!-- projectScripts.NewAccountSavings -->
