<?xml version="1.0" encoding="UTF-8"?>
<!-- Generated by org.testng.reporters.JUnitReportReporter -->
<testsuite hostname="DESKTOP-LSAS4P2" failures="0" tests="1" name="com.chqbook.pagefactory.VerifyLinks" time="69.935" errors="0" timestamp="2021-05-03T17:46:57 IST" skipped="0">
  <testcase classname="com.chqbook.pagefactory.VerifyLinks" name="verifyAllTheLinksInPage" time="69.935"/>
</testsuite> <!-- com.chqbook.pagefactory.VerifyLinks -->
