<?xml version="1.0" encoding="UTF-8"?>
<!-- Generated by org.testng.reporters.JUnitReportReporter -->
<testsuite hostname="DESKTOP-LSAS4P2" failures="0" tests="2" name="com.prefeasy.clovia.SelectingParticularCatAndItemWithSameAddress" time="65.350" errors="0" timestamp="2021-04-20T15:22:05 IST" skipped="0">
  <testcase classname="com.prefeasy.clovia.SelectingParticularCatAndItemWithSameAddress" name="selectCategory" time="32.756"/>
  <testcase classname="com.prefeasy.clovia.SelectingParticularCatAndItemWithSameAddress" name="selectCategory" time="32.594"/>
</testsuite> <!-- com.prefeasy.clovia.SelectingParticularCatAndItemWithSameAddress -->
