<?xml version="1.0" encoding="UTF-8"?>
<!-- Generated by org.testng.reporters.JUnitReportReporter -->
<testsuite hostname="DESKTOP-LSAS4P2" failures="0" tests="2" name="com.prefeasy.clovia.SelectAddressTypeCreateNew" time="114.102" errors="0" timestamp="2021-04-29T15:15:34 IST" skipped="0">
  <testcase classname="com.prefeasy.clovia.SelectAddressTypeCreateNew" name="selectCreateNewOptionFromDropDownWithAdditionalAddress" time="55.039"/>
  <testcase classname="com.prefeasy.clovia.SelectAddressTypeCreateNew" name="selectCreateNewOptionFromDropDownWithAdditionalAddress" time="59.063"/>
</testsuite> <!-- com.prefeasy.clovia.SelectAddressTypeCreateNew -->
