<?xml version="1.0" encoding="UTF-8"?>
<!-- Generated by org.testng.reporters.JUnitReportReporter -->
<testsuite hostname="DESKTOP-LSAS4P2" failures="0" tests="1" name="com.chqbook.pagefactory.Loans" time="81.740" errors="0" timestamp="2021-05-24T17:29:54 IST" skipped="0">
  <testcase classname="com.chqbook.pagefactory.Loans" name="verifyBusinessLoansForSelfEmployed" time="81.740"/>
</testsuite> <!-- com.chqbook.pagefactory.Loans -->
