<?xml version="1.0" encoding="UTF-8"?>
<!-- Generated by org.testng.reporters.JUnitReportReporter -->
<testsuite hostname="DESKTOP-LSAS4P2" failures="0" tests="1" name="practice.ReadWrite" time="0.985" errors="0" timestamp="2020-01-06T12:34:32 IST" skipped="0">
  <testcase classname="practice.ReadWrite" name="read" time="0.985"/>
</testsuite> <!-- practice.ReadWrite -->
