<?xml version="1.0" encoding="UTF-8"?>
<!-- Generated by org.testng.reporters.JUnitReportReporter -->
<testsuite hostname="DESKTOP-LSAS4P2" failures="0" tests="1" name="com.selenium.maven.MavAuto1" time="0.254" errors="0" timestamp="2019-12-20T18:56:13 IST" skipped="0">
  <testcase classname="com.selenium.maven.MavAuto1" name="test1" time="0.254"/>
</testsuite> <!-- com.selenium.maven.MavAuto1 -->
