<?xml version="1.0" encoding="UTF-8"?>
<!-- Generated by org.testng.reporters.JUnitReportReporter -->
<testsuite hostname="DESKTOP-LSAS4P2" failures="0" tests="1" name="automationScripts.G1" time="10.251" errors="0" timestamp="2019-12-29T18:16:30 IST" skipped="0">
  <testcase classname="automationScripts.G1" name="login" time="10.251"/>
</testsuite> <!-- automationScripts.G1 -->
