<?xml version="1.0" encoding="UTF-8"?>
<!-- Generated by org.testng.reporters.JUnitReportReporter -->
<testsuite hostname="DESKTOP-LSAS4P2" failures="0" tests="2" name="projectScripts.CustomisedStatementAfterDeposit" time="16.516" errors="0" timestamp="2020-01-17T21:18:53 IST" skipped="1">
  <testcase classname="projectScripts.CustomisedStatementAfterDeposit" name="verifyCustomizedStatementisNotGenerated" time="16.516"/>
  <testcase classname="projectScripts.CustomisedStatementAfterDeposit" name="customizedStatementAfterWithDrawl">
    <skipped/>
  </testcase> <!-- customizedStatementAfterWithDrawl -->
</testsuite> <!-- projectScripts.CustomisedStatementAfterDeposit -->
