<?xml version="1.0" encoding="UTF-8"?>
<!-- Generated by org.testng.reporters.JUnitReportReporter -->
<testsuite hostname="DESKTOP-LSAS4P2" failures="0" tests="1" name="ecommerceScripts.VerifyCostOfProduction" time="15.400" errors="0" timestamp="2020-01-31T18:11:00 IST" skipped="0">
  <testcase classname="ecommerceScripts.VerifyCostOfProduction" name="verifyCost" time="15.400"/>
</testsuite> <!-- ecommerceScripts.VerifyCostOfProduction -->
