<?xml version="1.0" encoding="UTF-8"?>
<!-- Generated by org.testng.reporters.JUnitReportReporter -->
<testsuite hostname="DESKTOP-LSAS4P2" failures="0" tests="3" name="dataprovider.DataProviderClassTest" time="9.940" errors="0" timestamp="2020-10-01T13:52:06 IST" skipped="0">
  <testcase classname="dataprovider.DataProviderClassTest" name="getDataFromDataProviderTest" time="3.156"/>
  <testcase classname="dataprovider.DataProviderClassTest" name="getDataFromDataProviderTest" time="3.549"/>
  <testcase classname="dataprovider.DataProviderClassTest" name="getDataFromDataProviderTest" time="3.235"/>
</testsuite> <!-- dataprovider.DataProviderClassTest -->
