<?xml version="1.0" encoding="UTF-8"?>
<!-- Generated by org.testng.reporters.JUnitReportReporter -->
<testsuite hostname="DESKTOP-LSAS4P2" failures="0" tests="4" name="com.prefeasy.clovia.SelectingParticularCategoryAndItem2" time="67.944" errors="0" timestamp="2021-04-19T16:31:06 IST" skipped="0">
  <testcase classname="com.prefeasy.clovia.SelectingParticularCategoryAndItem2" name="selectCategory" time="10.072"/>
  <testcase classname="com.prefeasy.clovia.SelectingParticularCategoryAndItem2" name="selectCategory" time="10.063"/>
  <testcase classname="com.prefeasy.clovia.SelectingParticularCategoryAndItem2" name="selectCategory" time="37.751"/>
  <testcase classname="com.prefeasy.clovia.SelectingParticularCategoryAndItem2" name="selectCategory" time="10.058"/>
</testsuite> <!-- com.prefeasy.clovia.SelectingParticularCategoryAndItem2 -->
