<?xml version="1.0" encoding="UTF-8"?>
<!-- Generated by org.testng.reporters.JUnitReportReporter -->
<testsuite hostname="DESKTOP-LSAS4P2" failures="0" tests="2" name="testng.BM1" time="23.057" errors="0" timestamp="2020-02-06T16:48:48 IST" skipped="0">
  <testcase classname="testng.BM1" name="test2" time="10.077"/>
  <testcase classname="testng.BM1" name="test1" time="12.980"/>
</testsuite> <!-- testng.BM1 -->
