<?xml version="1.0" encoding="UTF-8"?>
<!-- Generated by org.testng.reporters.JUnitReportReporter -->
<testsuite hostname="DESKTOP-LSAS4P2" failures="0" tests="1" name="ecommerceScripts.VerifyCreateAccount" time="144.804" errors="0" timestamp="2020-02-03T10:30:39 IST" skipped="0">
  <testcase classname="ecommerceScripts.VerifyCreateAccount" name="verifyAccount" time="144.804"/>
</testsuite> <!-- ecommerceScripts.VerifyCreateAccount -->
