<?xml version="1.0" encoding="UTF-8"?>
<!-- Generated by org.testng.reporters.JUnitReportReporter -->
<testsuite hostname="DESKTOP-LSAS4P2" failures="0" tests="5" name="projectScripts.FundTransfer" time="138.770" errors="0" timestamp="2020-01-12T22:01:05 IST" skipped="4">
  <testcase classname="projectScripts.FundTransfer" name="fundTransferWhenAccountBalanceIsLow" time="138.770"/>
  <testcase classname="projectScripts.FundTransfer" name="fundTransfer">
    <skipped/>
  </testcase> <!-- fundTransfer -->
  <testcase classname="projectScripts.FundTransfer" name="fundTransferForSameAccNo">
    <skipped/>
  </testcase> <!-- fundTransferForSameAccNo -->
  <testcase classname="projectScripts.FundTransfer" name="managerEnterWrongAccountNoDuringFundTransfer">
    <skipped/>
  </testcase> <!-- managerEnterWrongAccountNoDuringFundTransfer -->
  <testcase classname="projectScripts.FundTransfer" name="fundTransferWhenPageRefresh">
    <skipped/>
  </testcase> <!-- fundTransferWhenPageRefresh -->
</testsuite> <!-- projectScripts.FundTransfer -->
