<?xml version="1.0" encoding="UTF-8"?>
<!-- Generated by org.testng.reporters.JUnitReportReporter -->
<testsuite hostname="DESKTOP-LSAS4P2" failures="0" tests="1" name="projectScripts.LogOut" time="14.044" errors="0" timestamp="2020-01-17T22:07:14 IST" skipped="0">
  <testcase classname="projectScripts.LogOut" name="verifyLogout" time="14.044"/>
</testsuite> <!-- projectScripts.LogOut -->
