<?xml version="1.0" encoding="UTF-8"?>
<!-- Generated by org.testng.reporters.JUnitReportReporter -->
<testsuite hostname="DESKTOP-LSAS4P2" failures="0" tests="1" name="reborn.sel.prac.WindowHandles" time="6.205" errors="0" timestamp="2021-04-10T18:49:43 IST" skipped="0">
  <testcase classname="reborn.sel.prac.WindowHandles" name="f" time="6.205"/>
</testsuite> <!-- reborn.sel.prac.WindowHandles -->
