<?xml version="1.0" encoding="UTF-8"?>
<!-- Generated by org.testng.reporters.JUnitReportReporter -->
<testsuite hostname="DESKTOP-LSAS4P2" failures="0" tests="1" name="reborn.sel.prac.Screenshot2" time="1.477" errors="0" timestamp="2020-09-29T12:59:17 IST" skipped="0">
  <testcase classname="reborn.sel.prac.Screenshot2" name="f" time="1.477"/>
</testsuite> <!-- reborn.sel.prac.Screenshot2 -->
