<?xml version="1.0" encoding="UTF-8"?>
<!-- Generated by org.testng.reporters.JUnitReportReporter -->
<testsuite hostname="DESKTOP-LSAS4P2" failures="0" tests="1" name="com.perfeasy.makemytrip.ReviewBookin" time="0.082" errors="0" timestamp="2021-04-04T17:23:28 IST" skipped="0">
  <testcase classname="com.perfeasy.makemytrip.ReviewBookin" name="flightSearch" time="0.082"/>
</testsuite> <!-- com.perfeasy.makemytrip.ReviewBookin -->
