<?xml version="1.0" encoding="UTF-8"?>
<!-- Generated by org.testng.reporters.JUnitReportReporter -->
<testsuite hostname="DESKTOP-LSAS4P2" failures="0" tests="1" name="extentReports.ExtentReport1" time="16.059" errors="0" timestamp="2020-11-17T14:22:03 IST" skipped="0">
  <testcase classname="extentReports.ExtentReport1" name="verifySeleniumBlog" time="16.059"/>
</testsuite> <!-- extentReports.ExtentReport1 -->
