<?xml version="1.0" encoding="UTF-8"?>
<!-- Generated by org.testng.reporters.JUnitReportReporter -->
<testsuite hostname="DESKTOP-LSAS4P2" failures="0" tests="1" name="reborn.sel.prac.AlertDemo" time="5.598" errors="0" timestamp="2020-09-14T13:39:09 IST" skipped="0">
  <testcase classname="reborn.sel.prac.AlertDemo" name="alertDemo" time="5.598"/>
</testsuite> <!-- reborn.sel.prac.AlertDemo -->
