<?xml version="1.0" encoding="UTF-8"?>
<!-- Generated by org.testng.reporters.JUnitReportReporter -->
<testsuite hostname="DESKTOP-LSAS4P2" failures="0" tests="1" name="reborn.sel.prac.SelectDemo" time="0.332" errors="0" timestamp="2020-09-21T11:41:43 IST" skipped="0">
  <testcase classname="reborn.sel.prac.SelectDemo" name="f" time="0.332"/>
</testsuite> <!-- reborn.sel.prac.SelectDemo -->
