<?xml version="1.0" encoding="UTF-8"?>
<!-- Generated by org.testng.reporters.JUnitReportReporter -->
<testsuite hostname="DESKTOP-LSAS4P2" failures="0" tests="1" name="projectScripts.Deposit" time="18.147" errors="0" timestamp="2020-01-16T20:13:55 IST" skipped="0">
  <testcase classname="projectScripts.Deposit" name="depositAndRefresh" time="18.147"/>
</testsuite> <!-- projectScripts.Deposit -->
