<?xml version="1.0" encoding="UTF-8"?>
<!-- Generated by org.testng.reporters.JUnitReportReporter -->
<testsuite hostname="DESKTOP-LSAS4P2" failures="0" tests="1" name="com.selenium.maven.WebTable2" time="17.181" errors="0" timestamp="2020-01-08T22:19:04 IST" skipped="0">
  <testcase classname="com.selenium.maven.WebTable2" name="webTable" time="17.181"/>
</testsuite> <!-- com.selenium.maven.WebTable2 -->
