<?xml version="1.0" encoding="UTF-8"?>
<!-- Generated by org.testng.reporters.JUnitReportReporter -->
<testsuite hostname="DESKTOP-LSAS4P2" failures="0" tests="1" name="projectScripts.AddNewCustomerAccount" time="66.568" errors="0" timestamp="2020-11-12T11:32:09 IST" skipped="0">
  <testcase classname="projectScripts.AddNewCustomerAccount" name="addCustomer" time="66.568"/>
</testsuite> <!-- projectScripts.AddNewCustomerAccount -->
