<?xml version="1.0" encoding="UTF-8"?>
<!-- Generated by org.testng.reporters.JUnitReportReporter -->
<testsuite hostname="DESKTOP-LSAS4P2" failures="0" tests="6" name="com.prefeasy.clovia.SelectingItemAndPurchase" time="252.754" errors="0" timestamp="2021-04-29T15:15:34 IST" skipped="0">
  <testcase classname="com.prefeasy.clovia.SelectingItemAndPurchase" name="selectParticularCategoryAndItemOverrideWithhNewUserShippingDetails" time="48.639"/>
  <testcase classname="com.prefeasy.clovia.SelectingItemAndPurchase" name="selectParticularCategoryAndItemOverrideWithhNewUserShippingDetails" time="43.828"/>
  <testcase classname="com.prefeasy.clovia.SelectingItemAndPurchase" name="selectParticularCategoryAndItemWithoutChangingUserShippingDetails" time="35.167"/>
  <testcase classname="com.prefeasy.clovia.SelectingItemAndPurchase" name="selectParticularCategoryAndItemWithoutChangingUserShippingDetails" time="35.432"/>
  <testcase classname="com.prefeasy.clovia.SelectingItemAndPurchase" name="selectParticularCategoryAndItemWithNewShippingsDetails" time="43.600"/>
  <testcase classname="com.prefeasy.clovia.SelectingItemAndPurchase" name="selectParticularCategoryAndItemWithNewShippingsDetails" time="46.088"/>
</testsuite> <!-- com.prefeasy.clovia.SelectingItemAndPurchase -->
