<?xml version="1.0" encoding="UTF-8"?>
<!-- Generated by org.testng.reporters.JUnitReportReporter -->
<testsuite hostname="DESKTOP-LSAS4P2" failures="0" tests="1" name="com.selenium.maven.WebTable1" time="4.911" errors="0" timestamp="2020-01-04T15:43:47 IST" skipped="0">
  <testcase classname="com.selenium.maven.WebTable1" name="webTable" time="4.911"/>
</testsuite> <!-- com.selenium.maven.WebTable1 -->
