<?xml version="1.0" encoding="UTF-8"?>
<!-- Generated by org.testng.reporters.JUnitReportReporter -->
<testsuite hostname="DESKTOP-LSAS4P2" failures="0" tests="1" name="projectScripts.DeleteAccount" time="15.775" errors="0" timestamp="2020-01-07T14:50:59 IST" skipped="0">
  <testcase classname="projectScripts.DeleteAccount" name="deleteAccount" time="15.775"/>
</testsuite> <!-- projectScripts.DeleteAccount -->
