<?xml version="1.0" encoding="UTF-8"?>
<!-- Generated by org.testng.reporters.JUnitReportReporter -->
<testsuite hostname="DESKTOP-LSAS4P2" failures="0" tests="1" name="projectScripts.ANCusAccount" time="20.973" errors="0" timestamp="2020-01-06T20:08:11 IST" skipped="0">
  <testcase classname="projectScripts.ANCusAccount" name="addCustomer" time="20.973"/>
</testsuite> <!-- projectScripts.ANCusAccount -->
