<?xml version="1.0" encoding="UTF-8"?>
<!-- Generated by org.testng.reporters.JUnitReportReporter -->
<testsuite hostname="DESKTOP-LSAS4P2" failures="0" tests="1" name="projectScripts.CustomisedStatement" time="171.574" errors="0" timestamp="2020-01-08T14:42:59 IST" skipped="0">
  <testcase classname="projectScripts.CustomisedStatement" name="customizedStatement" time="171.574"/>
</testsuite> <!-- projectScripts.CustomisedStatement -->
