<?xml version="1.0" encoding="UTF-8"?>
<!-- Generated by org.testng.reporters.JUnitReportReporter -->
<testsuite hostname="DESKTOP-LSAS4P2" failures="0" tests="1" name="com.prefeasy.clovia.CategoriesClovia" time="1.486" errors="0" timestamp="2021-04-10T10:35:00 IST" skipped="0">
  <testcase classname="com.prefeasy.clovia.CategoriesClovia" name="selectCategory" time="1.486"/>
</testsuite> <!-- com.prefeasy.clovia.CategoriesClovia -->
