<?xml version="1.0" encoding="UTF-8"?>
<!-- Generated by org.testng.reporters.JUnitReportReporter -->
<testsuite hostname="DESKTOP-LSAS4P2" failures="0" tests="1" name="com.selenium.maven.ScreenshortDemoMaven" time="10.643" errors="0" timestamp="2019-12-19T13:06:50 IST" skipped="0">
  <testcase classname="com.selenium.maven.ScreenshortDemoMaven" name="takeScreenshort" time="10.643"/>
</testsuite> <!-- com.selenium.maven.ScreenshortDemoMaven -->
