<?xml version="1.0" encoding="UTF-8"?>
<!-- Generated by org.testng.reporters.JUnitReportReporter -->
<testsuite hostname="DESKTOP-LSAS4P2" failures="0" tests="3" name="com.chqbook.pagefactory.VerifyMobileFieldAndCategories" time="85.451" errors="0" timestamp="2021-05-21T17:22:49 IST" skipped="0">
  <testcase classname="com.chqbook.pagefactory.VerifyMobileFieldAndCategories" name="verifyGetAppFieldAndCategories" time="26.749"/>
  <testcase classname="com.chqbook.pagefactory.VerifyMobileFieldAndCategories" name="verifyGetAppFieldAndCategories" time="30.221"/>
  <testcase classname="com.chqbook.pagefactory.VerifyMobileFieldAndCategories" name="verifyGetAppFieldAndCategories" time="28.481"/>
</testsuite> <!-- com.chqbook.pagefactory.VerifyMobileFieldAndCategories -->
