<?xml version="1.0" encoding="UTF-8"?>
<!-- Generated by org.testng.reporters.JUnitReportReporter -->
<testsuite hostname="DESKTOP-LSAS4P2" failures="0" tests="1" name="ecommerceScripts.VerifyCart" time="27.418" errors="0" timestamp="2020-02-06T16:45:22 IST" skipped="0">
  <testcase classname="ecommerceScripts.VerifyCart" name="verifyCart" time="27.418"/>
</testsuite> <!-- ecommerceScripts.VerifyCart -->
