<?xml version="1.0" encoding="UTF-8"?>
<!-- Generated by org.testng.reporters.JUnitReportReporter -->
<testsuite hostname="DESKTOP-LSAS4P2" failures="0" tests="2" name="com.perfeasy.makemytrip.FlightSearch" time="50.387" errors="0" timestamp="2021-05-05T16:55:50 IST" skipped="0">
  <testcase classname="com.perfeasy.makemytrip.FlightSearch" name="travDetails" time="16.907"/>
  <testcase classname="com.perfeasy.makemytrip.FlightSearch" name="flightSearch" time="33.480"/>
</testsuite> <!-- com.perfeasy.makemytrip.FlightSearch -->
