<?xml version="1.0" encoding="UTF-8"?>
<!-- Generated by org.testng.reporters.JUnitReportReporter -->
<testsuite hostname="DESKTOP-LSAS4P2" failures="0" tests="3" name="com.chqbook.pagefactory.DemoForBaseClass" time="0.064" errors="0" timestamp="2021-05-21T17:37:45 IST" skipped="0">
  <testcase classname="com.chqbook.pagefactory.DemoForBaseClass" name="verifyGetAppFieldAndCategories" time="0.009"/>
  <testcase classname="com.chqbook.pagefactory.DemoForBaseClass" name="verifyGetAppFieldAndCategories" time="0.011"/>
  <testcase classname="com.chqbook.pagefactory.DemoForBaseClass" name="verifyGetAppFieldAndCategories" time="0.044"/>
</testsuite> <!-- com.chqbook.pagefactory.DemoForBaseClass -->
