<?xml version="1.0" encoding="UTF-8"?>
<!-- Generated by org.testng.reporters.JUnitReportReporter -->
<testsuite hostname="DESKTOP-LSAS4P2" failures="0" tests="1" name="database.ConnectionString" time="0.699" errors="0" timestamp="2020-02-05T20:54:03 IST" skipped="0">
  <testcase classname="database.ConnectionString" name="testDB" time="0.699"/>
</testsuite> <!-- database.ConnectionString -->
