<?xml version="1.0" encoding="UTF-8"?>
<!-- Generated by org.testng.reporters.JUnitReportReporter -->
<testsuite hostname="DESKTOP-LSAS4P2" failures="0" tests="1" name="projectScripts.DeleteCustomer" time="21.680" errors="0" timestamp="2020-01-09T16:24:27 IST" skipped="0">
  <testcase classname="projectScripts.DeleteCustomer" name="deleteCustomer" time="21.680"/>
</testsuite> <!-- projectScripts.DeleteCustomer -->
