<?xml version="1.0" encoding="UTF-8"?>
<!-- Generated by org.testng.reporters.JUnitReportReporter -->
<testsuite hostname="DESKTOP-LSAS4P2" failures="0" tests="1" name="projectScripts.EditAccount" time="19.574" errors="0" timestamp="2020-01-17T21:54:37 IST" skipped="0">
  <testcase classname="projectScripts.EditAccount" name="verifyEditAccount" time="19.574"/>
</testsuite> <!-- projectScripts.EditAccount -->
