<?xml version="1.0" encoding="UTF-8"?>
<!-- Generated by org.testng.reporters.JUnitReportReporter -->
<testsuite hostname="DESKTOP-LSAS4P2" failures="0" tests="1" name="reborn.sel.prac.ScrollDownByPixel" time="0.047" errors="0" timestamp="2020-09-19T12:50:02 IST" skipped="0">
  <testcase classname="reborn.sel.prac.ScrollDownByPixel" name="f" time="0.047"/>
</testsuite> <!-- reborn.sel.prac.ScrollDownByPixel -->
