<?xml version="1.0" encoding="UTF-8"?>
<!-- Generated by org.testng.reporters.JUnitReportReporter -->
<testsuite hostname="DESKTOP-LSAS4P2" failures="0" tests="1" name="excelCode.ExcelUtilityPracticeRW" time="0.723" errors="0" timestamp="2020-01-22T15:59:52 IST" skipped="0">
  <testcase classname="excelCode.ExcelUtilityPracticeRW" name="rW" time="0.723"/>
</testsuite> <!-- excelCode.ExcelUtilityPracticeRW -->
