<?xml version="1.0" encoding="UTF-8"?>
<!-- Generated by org.testng.reporters.JUnitReportReporter -->
<testsuite hostname="DESKTOP-LSAS4P2" failures="0" tests="1" name="testng.GRPXML2" time="0.002" errors="0" timestamp="2020-09-22T11:18:07 IST" skipped="0">
  <testcase classname="testng.GRPXML2" name="manchesterUnited" time="0.002"/>
</testsuite> <!-- testng.GRPXML2 -->
