<?xml version="1.0" encoding="UTF-8"?>
<!-- Generated by org.testng.reporters.JUnitReportReporter -->
<testsuite hostname="DESKTOP-LSAS4P2" failures="0" tests="1" name="ecommerceScripts.VerifyPurchaseProduct" time="32.357" errors="0" timestamp="2020-02-04T20:43:21 IST" skipped="0">
  <testcase classname="ecommerceScripts.VerifyPurchaseProduct" name="verifyPurchaseProduct" time="32.357"/>
</testsuite> <!-- ecommerceScripts.VerifyPurchaseProduct -->
