<?xml version="1.0" encoding="UTF-8"?>
<!-- Generated by org.testng.reporters.JUnitReportReporter -->
<testsuite hostname="DESKTOP-LSAS4P2" failures="0" tests="2" name="projectScripts.BalanceEnquiry" time="21.160" errors="0" timestamp="2020-01-17T17:37:08 IST" skipped="1">
  <testcase classname="projectScripts.BalanceEnquiry" name="verifyBalanceAfterWithdrawl" time="21.160"/>
  <testcase classname="projectScripts.BalanceEnquiry" name="balanceEnquiry">
    <skipped/>
  </testcase> <!-- balanceEnquiry -->
</testsuite> <!-- projectScripts.BalanceEnquiry -->
