<?xml version="1.0" encoding="UTF-8"?>
<!-- Generated by org.testng.reporters.JUnitReportReporter -->
<testsuite hostname="DESKTOP-LSAS4P2" failures="0" tests="1" name="testng.GRPXML1" time="0.011" errors="0" timestamp="2020-09-22T11:18:07 IST" skipped="0">
  <testcase classname="testng.GRPXML1" name="realMadrid" time="0.011"/>
</testsuite> <!-- testng.GRPXML1 -->
