<?xml version="1.0" encoding="UTF-8"?>
<!-- Generated by org.testng.reporters.JUnitReportReporter -->
<testsuite hostname="DESKTOP-LSAS4P2" failures="0" tests="2" name="com.prefeasy.clovia.SelectingParticularCategoryAndItem" time="90.335" errors="0" timestamp="2021-04-20T15:22:05 IST" skipped="0">
  <testcase classname="com.prefeasy.clovia.SelectingParticularCategoryAndItem" name="selectCategory" time="46.136"/>
  <testcase classname="com.prefeasy.clovia.SelectingParticularCategoryAndItem" name="selectCategory" time="44.199"/>
</testsuite> <!-- com.prefeasy.clovia.SelectingParticularCategoryAndItem -->
