<?xml version="1.0" encoding="UTF-8"?>
<!-- Generated by org.testng.reporters.JUnitReportReporter -->
<testsuite hostname="DESKTOP-LSAS4P2" failures="0" tests="2" name="projectScripts.EditCustomer" time="18.455" errors="0" timestamp="2020-01-16T16:57:57 IST" skipped="1">
  <testcase classname="projectScripts.EditCustomer" name="verifyEditCustomer" time="18.455"/>
  <testcase classname="projectScripts.EditCustomer" name="editCustomer">
    <skipped/>
  </testcase> <!-- editCustomer -->
</testsuite> <!-- projectScripts.EditCustomer -->
