<?xml version="1.0" encoding="UTF-8"?>
<!-- Generated by org.testng.reporters.JUnitReportReporter -->
<testsuite hostname="DESKTOP-LSAS4P2" failures="0" tests="1" name="com.selenium.maven.DemoSeleniumUsingMaven" time="25.916" errors="0" timestamp="2019-12-17T20:24:41 IST" skipped="0">
  <testcase classname="com.selenium.maven.DemoSeleniumUsingMaven" name="open" time="25.916"/>
</testsuite> <!-- com.selenium.maven.DemoSeleniumUsingMaven -->
