<?xml version="1.0" encoding="UTF-8"?>
<!-- Generated by org.testng.reporters.JUnitReportReporter -->
<testsuite hostname="DESKTOP-LSAS4P2" failures="0" tests="6" name="dataprovider.DataProviderMethodM" time="380.607" errors="0" timestamp="2020-10-05T13:33:08 IST" skipped="0">
  <testcase classname="dataprovider.DataProviderMethodM" name="testMethodA" time="71.489"/>
  <testcase classname="dataprovider.DataProviderMethodM" name="testMethodB" time="3.304"/>
  <testcase classname="dataprovider.DataProviderMethodM" name="testMethodA" time="18.198"/>
  <testcase classname="dataprovider.DataProviderMethodM" name="testMethodA" time="279.063"/>
  <testcase classname="dataprovider.DataProviderMethodM" name="testMethodB" time="4.835"/>
  <testcase classname="dataprovider.DataProviderMethodM" name="testMethodB" time="3.718"/>
</testsuite> <!-- dataprovider.DataProviderMethodM -->
