<?xml version="1.0" encoding="UTF-8"?>
<!-- Generated by org.testng.reporters.JUnitReportReporter -->
<testsuite hostname="DESKTOP-LSAS4P2" failures="0" tests="1" name="projectScripts.WithDrawl" time="16.148" errors="0" timestamp="2020-01-17T14:42:41 IST" skipped="0">
  <testcase classname="projectScripts.WithDrawl" name="withdrawlVerify" time="16.148"/>
</testsuite> <!-- projectScripts.WithDrawl -->
