<?xml version="1.0" encoding="UTF-8"?>
<!-- Generated by org.testng.reporters.JUnitReportReporter -->
<testsuite hostname="DESKTOP-LSAS4P2" failures="0" tests="3" name="dataprovider.ParameterByDataProvider" time="9.488" errors="0" timestamp="2020-09-30T13:37:56 IST" skipped="0">
  <testcase classname="dataprovider.ParameterByDataProvider" name="f" time="3.103"/>
  <testcase classname="dataprovider.ParameterByDataProvider" name="f" time="3.097"/>
  <testcase classname="dataprovider.ParameterByDataProvider" name="f" time="3.288"/>
</testsuite> <!-- dataprovider.ParameterByDataProvider -->
