<?xml version="1.0" encoding="UTF-8"?>
<!-- Generated by org.testng.reporters.JUnitReportReporter -->
<testsuite hostname="DESKTOP-LSAS4P2" failures="0" tests="1" name="com.prefeasy.clovia.ProdctClovia" time="27.109" errors="0" timestamp="2021-04-05T19:01:18 IST" skipped="0">
  <testcase classname="com.prefeasy.clovia.ProdctClovia" name="productCheckout" time="27.109"/>
</testsuite> <!-- com.prefeasy.clovia.ProdctClovia -->
