<?xml version="1.0" encoding="UTF-8"?>
<!-- Generated by org.testng.reporters.JUnitReportReporter -->
<testsuite hostname="DESKTOP-LSAS4P2" failures="0" tests="1" name="ecommerceScripts.VerifyCompareTwoProduct" time="19.603" errors="0" timestamp="2020-01-31T22:12:46 IST" skipped="0">
  <testcase classname="ecommerceScripts.VerifyCompareTwoProduct" name="compareTwoProduct" time="19.603"/>
</testsuite> <!-- ecommerceScripts.VerifyCompareTwoProduct -->
