<?xml version="1.0" encoding="UTF-8"?>
<!-- Generated by org.testng.reporters.JUnitReportReporter -->
<testsuite hostname="DESKTOP-LSAS4P2" failures="0" tests="2" name="testng.TestNgDemo" time="6.445" errors="0" timestamp="2020-09-22T11:51:45 IST" skipped="0">
  <testcase classname="testng.TestNgDemo" name="register" time="3.016"/>
  <testcase classname="testng.TestNgDemo" name="support" time="3.429"/>
</testsuite> <!-- testng.TestNgDemo -->
