<?xml version="1.0" encoding="UTF-8"?>
<!-- Generated by org.testng.reporters.JUnitReportReporter -->
<testsuite hostname="DESKTOP-LSAS4P2" failures="0" tests="1" name="reborn.sel.prac.Screenshot" time="0.995" errors="0" timestamp="2020-09-29T12:29:53 IST" skipped="0">
  <testcase classname="reborn.sel.prac.Screenshot" name="f" time="0.995"/>
</testsuite> <!-- reborn.sel.prac.Screenshot -->
