<?xml version="1.0" encoding="UTF-8"?>
<!-- Generated by org.testng.reporters.JUnitReportReporter -->
<testsuite hostname="DESKTOP-LSAS4P2" failures="0" tests="1" name="com.robotclass.NewTest" time="8.437" errors="0" timestamp="2020-10-16T10:56:21 IST" skipped="0">
  <testcase classname="com.robotclass.NewTest" name="f" time="8.437"/>
</testsuite> <!-- com.robotclass.NewTest -->
