<?xml version="1.0" encoding="UTF-8"?>
<!-- Generated by org.testng.reporters.JUnitReportReporter -->
<testsuite hostname="DESKTOP-LSAS4P2" failures="0" tests="2" name="projectScripts.MiniStatement" time="17.399" errors="0" timestamp="2020-01-17T16:38:45 IST" skipped="1">
  <testcase classname="projectScripts.MiniStatement" name="verifyMiniStatementAfterCashWithDrawl" time="17.399"/>
  <testcase classname="projectScripts.MiniStatement" name="miniStateMent">
    <skipped/>
  </testcase> <!-- miniStateMent -->
</testsuite> <!-- projectScripts.MiniStatement -->
