<?xml version="1.0" encoding="UTF-8"?>
<!-- Generated by org.testng.reporters.JUnitReportReporter -->
<testsuite hostname="DESKTOP-LSAS4P2" failures="0" tests="1" name="com.prefeasy.clovia.CategorySelection" time="0.218" errors="0" timestamp="2021-04-09T19:17:10 IST" skipped="0">
  <testcase classname="com.prefeasy.clovia.CategorySelection" name="selectCategory" time="0.218"/>
</testsuite> <!-- com.prefeasy.clovia.CategorySelection -->
