<?xml version="1.0" encoding="UTF-8"?>
<!-- Generated by org.testng.reporters.JUnitReportReporter -->
<testsuite hostname="DESKTOP-LSAS4P2" failures="0" tests="1" name="reborn.sel.prac.PracInt" time="12.650" errors="0" timestamp="2020-10-28T10:30:09 IST" skipped="0">
  <testcase classname="reborn.sel.prac.PracInt" name="f" time="12.650"/>
</testsuite> <!-- reborn.sel.prac.PracInt -->
