<?xml version="1.0" encoding="UTF-8"?>
<!-- Generated by org.testng.reporters.JUnitReportReporter -->
<testsuite hostname="DESKTOP-LSAS4P2" failures="0" tests="1" name="com.perfeasy.makemytrip.LoginAccount" time="2.278" errors="0" timestamp="2021-05-05T16:55:50 IST" skipped="0">
  <testcase classname="com.perfeasy.makemytrip.LoginAccount" name="loginAccount" time="2.278"/>
</testsuite> <!-- com.perfeasy.makemytrip.LoginAccount -->
