<?xml version="1.0" encoding="UTF-8"?>
<!-- Generated by org.testng.reporters.JUnitReportReporter -->
<testsuite hostname="DESKTOP-LSAS4P2" failures="0" tests="3" name="automationScripts.A2" time="188.959" errors="0" timestamp="2019-12-20T20:40:12 IST" skipped="0">
  <testcase classname="automationScripts.A2" name="registration" time="63.961"/>
  <testcase classname="automationScripts.A2" name="registration" time="62.760"/>
  <testcase classname="automationScripts.A2" name="registration" time="62.238"/>
</testsuite> <!-- automationScripts.A2 -->
