<?xml version="1.0" encoding="UTF-8"?>
<!-- Generated by org.testng.reporters.JUnitReportReporter -->
<testsuite hostname="DESKTOP-LSAS4P2" failures="0" tests="1" name="automationScripts.DeleteAccountSavings" time="58.981" errors="0" timestamp="2020-01-07T18:50:16 IST" skipped="0">
  <testcase classname="automationScripts.DeleteAccountSavings" name="deleteAccount" time="58.981"/>
</testsuite> <!-- automationScripts.DeleteAccountSavings -->
