<?xml version="1.0" encoding="UTF-8"?>
<!-- Generated by org.testng.reporters.JUnitReportReporter -->
<testsuite hostname="DESKTOP-LSAS4P2" failures="0" tests="1" name="practice.Dchecker" time="2.217" errors="0" timestamp="2021-04-10T17:08:21 IST" skipped="0">
  <testcase classname="practice.Dchecker" name="f" time="2.217"/>
</testsuite> <!-- practice.Dchecker -->
