<?xml version="1.0" encoding="UTF-8"?>
<!-- Generated by org.testng.reporters.JUnitReportReporter -->
<testsuite hostname="DESKTOP-LSAS4P2" failures="0" tests="1" name="extentReports.ExtentReport2" time="70.644" errors="0" timestamp="2020-11-19T15:44:00 IST" skipped="0">
  <testcase classname="extentReports.ExtentReport2" name="verifyBlogTitle" time="70.644"/>
</testsuite> <!-- extentReports.ExtentReport2 -->
