<?xml version="1.0" encoding="UTF-8"?>
<!-- Generated by org.testng.reporters.JUnitReportReporter -->
<testsuite hostname="DESKTOP-LSAS4P2" failures="0" tests="1" name="com.prefeasy.clovia.LoginClovia" time="26.680" errors="0" timestamp="2021-04-29T15:15:34 IST" skipped="0">
  <testcase classname="com.prefeasy.clovia.LoginClovia" name="login" time="26.680"/>
</testsuite> <!-- com.prefeasy.clovia.LoginClovia -->
