<?xml version="1.0" encoding="UTF-8"?>
<!-- Generated by org.testng.reporters.JUnitReportReporter -->
<testsuite hostname="DESKTOP-LSAS4P2" failures="0" tests="1" name="com.selenium.maven.DemoMaven" time="0.008" errors="0" timestamp="2020-11-19T15:51:51 IST" skipped="0">
  <testcase classname="com.selenium.maven.DemoMaven" name="test" time="0.008"/>
</testsuite> <!-- com.selenium.maven.DemoMaven -->
